2019-07-24 20:00:07,062 [myid:] - INFO  [main:QuorumPeerConfig@133] - Reading configuration from: /usr/local/zookeeper/bin/../conf/zoo.cfg
2019-07-24 20:00:07,065 [myid:] - INFO  [main:QuorumPeerConfig@385] - clientPortAddress is 0.0.0.0/0.0.0.0:2181
2019-07-24 20:00:07,066 [myid:] - INFO  [main:QuorumPeerConfig@389] - secureClientPort is not set
2019-07-24 20:00:07,067 [myid:] - INFO  [main:DatadirCleanupManager@78] - autopurge.snapRetainCount set to 3
2019-07-24 20:00:07,067 [myid:] - INFO  [main:DatadirCleanupManager@79] - autopurge.purgeInterval set to 0
2019-07-24 20:00:07,067 [myid:] - INFO  [main:DatadirCleanupManager@101] - Purge task is not scheduled.
2019-07-24 20:00:07,067 [myid:] - WARN  [main:QuorumPeerMain@125] - Either no config or no quorum defined in config, running  in standalone mode
2019-07-24 20:00:07,068 [myid:] - INFO  [main:ManagedUtil@46] - Log4j found with jmx enabled.
2019-07-24 20:00:07,076 [myid:] - INFO  [main:QuorumPeerConfig@133] - Reading configuration from: /usr/local/zookeeper/bin/../conf/zoo.cfg
2019-07-24 20:00:07,076 [myid:] - INFO  [main:QuorumPeerConfig@385] - clientPortAddress is 0.0.0.0/0.0.0.0:2181
2019-07-24 20:00:07,076 [myid:] - INFO  [main:QuorumPeerConfig@389] - secureClientPort is not set
2019-07-24 20:00:07,076 [myid:] - INFO  [main:ZooKeeperServerMain@117] - Starting server
2019-07-24 20:00:07,084 [myid:] - INFO  [main:Environment@109] - Server environment:zookeeper.version=3.5.5-390fe37ea45dee01bf87dc1c042b5e3dcce88653, built on 05/03/2019 12:07 GMT
2019-07-24 20:00:07,084 [myid:] - INFO  [main:Environment@109] - Server environment:host.name=kali.erik.xyz
2019-07-24 20:00:07,084 [myid:] - INFO  [main:Environment@109] - Server environment:java.version=1.8.0_211
2019-07-24 20:00:07,084 [myid:] - INFO  [main:Environment@109] - Server environment:java.vendor=Oracle Corporation
2019-07-24 20:00:07,085 [myid:] - INFO  [main:Environment@109] - Server environment:java.home=/usr/local/java/jdk1.8.0_211/jre
2019-07-24 20:00:07,085 [myid:] - INFO  [main:Environment@109] - Server environment:java.class.path=/usr/local/zookeeper/bin/../zookeeper-server/target/classes:/usr/local/zookeeper/bin/../build/classes:/usr/local/zookeeper/bin/../zookeeper-server/target/lib/*.jar:/usr/local/zookeeper/bin/../build/lib/*.jar:/usr/local/zookeeper/bin/../lib/zookeeper-jute-3.5.5.jar:/usr/local/zookeeper/bin/../lib/zookeeper-3.5.5.jar:/usr/local/zookeeper/bin/../lib/slf4j-log4j12-1.7.25.jar:/usr/local/zookeeper/bin/../lib/slf4j-api-1.7.25.jar:/usr/local/zookeeper/bin/../lib/netty-all-4.1.29.Final.jar:/usr/local/zookeeper/bin/../lib/log4j-1.2.17.jar:/usr/local/zookeeper/bin/../lib/json-simple-1.1.1.jar:/usr/local/zookeeper/bin/../lib/jline-2.11.jar:/usr/local/zookeeper/bin/../lib/jetty-util-9.4.17.v20190418.jar:/usr/local/zookeeper/bin/../lib/jetty-servlet-9.4.17.v20190418.jar:/usr/local/zookeeper/bin/../lib/jetty-server-9.4.17.v20190418.jar:/usr/local/zookeeper/bin/../lib/jetty-security-9.4.17.v20190418.jar:/usr/local/zookeeper/bin/../lib/jetty-io-9.4.17.v20190418.jar:/usr/local/zookeeper/bin/../lib/jetty-http-9.4.17.v20190418.jar:/usr/local/zookeeper/bin/../lib/javax.servlet-api-3.1.0.jar:/usr/local/zookeeper/bin/../lib/jackson-databind-2.9.8.jar:/usr/local/zookeeper/bin/../lib/jackson-core-2.9.8.jar:/usr/local/zookeeper/bin/../lib/jackson-annotations-2.9.0.jar:/usr/local/zookeeper/bin/../lib/commons-cli-1.2.jar:/usr/local/zookeeper/bin/../lib/audience-annotations-0.5.0.jar:/usr/local/zookeeper/bin/../zookeeper-*.jar:/usr/local/zookeeper/bin/../zookeeper-server/src/main/resources/lib/*.jar:/usr/local/zookeeper/bin/../conf:.:/usr/local/java/jdk1.8.0_211/lib/dt.jar:/usr/local/java/jdk1.8.0_211/lib/tools.jar
2019-07-24 20:00:07,085 [myid:] - INFO  [main:Environment@109] - Server environment:java.library.path=/usr/java/packages/lib/amd64:/usr/lib64:/lib64:/lib:/usr/lib
2019-07-24 20:00:07,085 [myid:] - INFO  [main:Environment@109] - Server environment:java.io.tmpdir=/tmp
2019-07-24 20:00:07,085 [myid:] - INFO  [main:Environment@109] - Server environment:java.compiler=<NA>
2019-07-24 20:00:07,085 [myid:] - INFO  [main:Environment@109] - Server environment:os.name=Linux
2019-07-24 20:00:07,085 [myid:] - INFO  [main:Environment@109] - Server environment:os.arch=amd64
2019-07-24 20:00:07,085 [myid:] - INFO  [main:Environment@109] - Server environment:os.version=4.19.0-kali5-amd64
2019-07-24 20:00:07,085 [myid:] - INFO  [main:Environment@109] - Server environment:user.name=erik
2019-07-24 20:00:07,085 [myid:] - INFO  [main:Environment@109] - Server environment:user.home=/home/erik
2019-07-24 20:00:07,085 [myid:] - INFO  [main:Environment@109] - Server environment:user.dir=/usr/local/zookeeper
2019-07-24 20:00:07,085 [myid:] - INFO  [main:Environment@109] - Server environment:os.memory.free=229MB
2019-07-24 20:00:07,086 [myid:] - INFO  [main:Environment@109] - Server environment:os.memory.max=889MB
2019-07-24 20:00:07,086 [myid:] - INFO  [main:Environment@109] - Server environment:os.memory.total=240MB
2019-07-24 20:00:07,086 [myid:] - INFO  [main:ZooKeeperServer@938] - minSessionTimeout set to 4000
2019-07-24 20:00:07,087 [myid:] - INFO  [main:ZooKeeperServer@947] - maxSessionTimeout set to 40000
2019-07-24 20:00:07,087 [myid:] - INFO  [main:ZooKeeperServer@166] - Created server with tickTime 2000 minSessionTimeout 4000 maxSessionTimeout 40000 datadir /tmp/zookeeper/version-2 snapdir /tmp/zookeeper/version-2
2019-07-24 20:00:07,103 [myid:] - INFO  [main:Log@193] - Logging initialized @295ms to org.eclipse.jetty.util.log.Slf4jLog
2019-07-24 20:00:07,164 [myid:] - WARN  [main:ContextHandler@1588] - o.e.j.s.ServletContextHandler@490ab905{/,null,UNAVAILABLE} contextPath ends with /*
2019-07-24 20:00:07,164 [myid:] - WARN  [main:ContextHandler@1599] - Empty contextPath
2019-07-24 20:00:07,172 [myid:] - INFO  [main:Server@370] - jetty-9.4.17.v20190418; built: 2019-04-18T19:45:35.259Z; git: aa1c656c315c011c01e7b21aabb04066635b9f67; jvm 1.8.0_211-b12
2019-07-24 20:00:07,197 [myid:] - INFO  [main:DefaultSessionIdManager@365] - DefaultSessionIdManager workerName=node0
2019-07-24 20:00:07,197 [myid:] - INFO  [main:DefaultSessionIdManager@370] - No SessionScavenger set, using defaults
2019-07-24 20:00:07,198 [myid:] - INFO  [main:HouseKeeper@149] - node0 Scavenging every 600000ms
2019-07-24 20:00:07,204 [myid:] - INFO  [main:ContextHandler@855] - Started o.e.j.s.ServletContextHandler@490ab905{/,null,AVAILABLE}
2019-07-24 20:00:07,212 [myid:] - INFO  [main:AbstractConnector@292] - Started ServerConnector@215be6bb{HTTP/1.1,[http/1.1]}{0.0.0.0:8080}
2019-07-24 20:00:07,212 [myid:] - INFO  [main:Server@410] - Started @410ms
2019-07-24 20:00:07,212 [myid:] - INFO  [main:JettyAdminServer@112] - Started AdminServer on address 0.0.0.0, port 8080 and command URL /commands
2019-07-24 20:00:07,215 [myid:] - INFO  [main:ServerCnxnFactory@135] - Using org.apache.zookeeper.server.NIOServerCnxnFactory as server connection factory
2019-07-24 20:00:07,217 [myid:] - INFO  [main:NIOServerCnxnFactory@673] - Configuring NIO connection handler with 10s sessionless connection timeout, 2 selector thread(s), 16 worker threads, and 64 kB direct buffers.
2019-07-24 20:00:07,219 [myid:] - INFO  [main:NIOServerCnxnFactory@686] - binding to port 0.0.0.0/0.0.0.0:2181
2019-07-24 20:00:07,227 [myid:] - INFO  [main:ZKDatabase@117] - zookeeper.snapshotSizeFactor = 0.33
2019-07-24 20:00:07,229 [myid:] - INFO  [main:FileTxnSnapLog@372] - Snapshotting: 0x0 to /tmp/zookeeper/version-2/snapshot.0
2019-07-24 20:00:07,231 [myid:] - INFO  [main:FileTxnSnapLog@372] - Snapshotting: 0x0 to /tmp/zookeeper/version-2/snapshot.0
2019-07-24 20:00:07,241 [myid:] - INFO  [main:ContainerManager@64] - Using checkIntervalMs=60000 maxPerMinute=10000
2019-07-25 22:27:08,669 [myid:] - INFO  [SyncThread:0:FileTxnLog@216] - Creating new log file: log.1
2019-07-25 22:27:09,061 [myid:] - WARN  [NIOWorkerThread-3:NIOServerCnxn@370] - Exception causing close of session 0x100032d42680000: 连接被对方重设
2019-07-25 22:27:40,430 [myid:] - INFO  [SessionTracker:ZooKeeperServer@398] - Expiring session 0x100032d42680000, timeout of 30000ms exceeded
